Analysis & Elaboration report for lab5
Thu May 07 12:11:38 2020
Quartus Prime Version 19.1.0 Build 670 09/22/2019 SJ Lite Edition


---------------------
; Table of Contents ;
---------------------
  1. Legal Notice
  2. Analysis & Elaboration Summary
  3. Parallel Compilation
  4. Analysis & Elaboration Settings
  5. Port Connectivity Checks: "my_counter:COUNTER|my_TFF:TFF_Q15"
  6. Port Connectivity Checks: "my_counter:COUNTER|my_TFF:TFF_Q14"
  7. Port Connectivity Checks: "my_counter:COUNTER|my_TFF:TFF_Q13"
  8. Port Connectivity Checks: "my_counter:COUNTER|my_TFF:TFF_Q12"
  9. Port Connectivity Checks: "my_counter:COUNTER|my_TFF:TFF_Q11"
 10. Port Connectivity Checks: "my_counter:COUNTER|my_TFF:TFF_Q10"
 11. Port Connectivity Checks: "my_counter:COUNTER|my_TFF:TFF_Q09"
 12. Port Connectivity Checks: "my_counter:COUNTER|my_TFF:TFF_Q08"
 13. Port Connectivity Checks: "my_counter:COUNTER|my_TFF:TFF_Q07"
 14. Port Connectivity Checks: "my_counter:COUNTER|my_TFF:TFF_Q06"
 15. Port Connectivity Checks: "my_counter:COUNTER|my_TFF:TFF_Q05"
 16. Port Connectivity Checks: "my_counter:COUNTER|my_TFF:TFF_Q04"
 17. Port Connectivity Checks: "my_counter:COUNTER|my_TFF:TFF_Q03"
 18. Port Connectivity Checks: "my_counter:COUNTER|my_TFF:TFF_Q02"
 19. Port Connectivity Checks: "my_counter:COUNTER|my_TFF:TFF_Q01"
 20. Port Connectivity Checks: "my_counter:COUNTER|my_TFF:TFF_Q00"
 21. Analysis & Elaboration Messages



----------------
; Legal Notice ;
----------------
Copyright (C) 2019  Intel Corporation. All rights reserved.
Your use of Intel Corporation's design tools, logic functions 
and other software and tools, and any partner logic 
functions, and any output files from any of the foregoing 
(including device programming or simulation files), and any 
associated documentation or information are expressly subject 
to the terms and conditions of the Intel Program License 
Subscription Agreement, the Intel Quartus Prime License Agreement,
the Intel FPGA IP License Agreement, or other applicable license
agreement, including, without limitation, that your use is for
the sole purpose of programming logic devices manufactured by
Intel and sold by Intel or its authorized distributors.  Please
refer to the applicable agreement for further details, at
https://fpgasoftware.intel.com/eula.



+-----------------------------------------------------------------------------+
; Analysis & Elaboration Summary                                              ;
+-------------------------------+---------------------------------------------+
; Analysis & Elaboration Status ; Successful - Thu May 07 12:11:38 2020       ;
; Quartus Prime Version         ; 19.1.0 Build 670 09/22/2019 SJ Lite Edition ;
; Revision Name                 ; lab5                                        ;
; Top-level Entity Name         ; sec_counter                                 ;
; Family                        ; Cyclone V                                   ;
; Logic utilization (in ALMs)   ; N/A until Partition Merge                   ;
; Total registers               ; N/A until Partition Merge                   ;
; Total pins                    ; N/A until Partition Merge                   ;
; Total virtual pins            ; N/A until Partition Merge                   ;
; Total block memory bits       ; N/A until Partition Merge                   ;
; Total PLLs                    ; N/A until Partition Merge                   ;
; Total DLLs                    ; N/A until Partition Merge                   ;
+-------------------------------+---------------------------------------------+


+------------------------------------------+
; Parallel Compilation                     ;
+----------------------------+-------------+
; Processors                 ; Number      ;
+----------------------------+-------------+
; Number detected on machine ; 12          ;
; Maximum allowed            ; 6           ;
;                            ;             ;
; Average used               ; 1.00        ;
; Maximum used               ; 1           ;
;                            ;             ;
; Usage by Processor         ; % Time Used ;
;     Processor 1            ; 100.0%      ;
+----------------------------+-------------+


+---------------------------------------------------------------------------------------------------------------------------+
; Analysis & Elaboration Settings                                                                                           ;
+---------------------------------------------------------------------------------+--------------------+--------------------+
; Option                                                                          ; Setting            ; Default Value      ;
+---------------------------------------------------------------------------------+--------------------+--------------------+
; Device                                                                          ; 5CSEMA5F31C6       ;                    ;
; Top-level entity name                                                           ; sec_counter        ; lab5               ;
; Family name                                                                     ; Cyclone V          ; Cyclone V          ;
; Use smart compilation                                                           ; Off                ; Off                ;
; Enable parallel Assembler and Timing Analyzer during compilation                ; On                 ; On                 ;
; Enable compact report table                                                     ; Off                ; Off                ;
; Restructure Multiplexers                                                        ; Auto               ; Auto               ;
; MLAB Add Timing Constraints For Mixed-Port Feed-Through Mode Setting Don't Care ; Off                ; Off                ;
; Create Debugging Nodes for IP Cores                                             ; Off                ; Off                ;
; Preserve fewer node names                                                       ; On                 ; On                 ;
; Intel FPGA IP Evaluation Mode                                                   ; Enable             ; Enable             ;
; Verilog Version                                                                 ; Verilog_2001       ; Verilog_2001       ;
; VHDL Version                                                                    ; VHDL_1993          ; VHDL_1993          ;
; State Machine Processing                                                        ; Auto               ; Auto               ;
; Safe State Machine                                                              ; Off                ; Off                ;
; Extract Verilog State Machines                                                  ; On                 ; On                 ;
; Extract VHDL State Machines                                                     ; On                 ; On                 ;
; Ignore Verilog initial constructs                                               ; Off                ; Off                ;
; Iteration limit for constant Verilog loops                                      ; 5000               ; 5000               ;
; Iteration limit for non-constant Verilog loops                                  ; 250                ; 250                ;
; Add Pass-Through Logic to Inferred RAMs                                         ; On                 ; On                 ;
; Infer RAMs from Raw Logic                                                       ; On                 ; On                 ;
; Parallel Synthesis                                                              ; On                 ; On                 ;
; DSP Block Balancing                                                             ; Auto               ; Auto               ;
; NOT Gate Push-Back                                                              ; On                 ; On                 ;
; Power-Up Don't Care                                                             ; On                 ; On                 ;
; Remove Redundant Logic Cells                                                    ; Off                ; Off                ;
; Remove Duplicate Registers                                                      ; On                 ; On                 ;
; Ignore CARRY Buffers                                                            ; Off                ; Off                ;
; Ignore CASCADE Buffers                                                          ; Off                ; Off                ;
; Ignore GLOBAL Buffers                                                           ; Off                ; Off                ;
; Ignore ROW GLOBAL Buffers                                                       ; Off                ; Off                ;
; Ignore LCELL Buffers                                                            ; Off                ; Off                ;
; Ignore SOFT Buffers                                                             ; On                 ; On                 ;
; Limit AHDL Integers to 32 Bits                                                  ; Off                ; Off                ;
; Optimization Technique                                                          ; Balanced           ; Balanced           ;
; Carry Chain Length                                                              ; 70                 ; 70                 ;
; Auto Carry Chains                                                               ; On                 ; On                 ;
; Auto Open-Drain Pins                                                            ; On                 ; On                 ;
; Perform WYSIWYG Primitive Resynthesis                                           ; Off                ; Off                ;
; Auto ROM Replacement                                                            ; On                 ; On                 ;
; Auto RAM Replacement                                                            ; On                 ; On                 ;
; Auto DSP Block Replacement                                                      ; On                 ; On                 ;
; Auto Shift Register Replacement                                                 ; Auto               ; Auto               ;
; Allow Shift Register Merging across Hierarchies                                 ; Auto               ; Auto               ;
; Auto Clock Enable Replacement                                                   ; On                 ; On                 ;
; Strict RAM Replacement                                                          ; Off                ; Off                ;
; Allow Synchronous Control Signals                                               ; On                 ; On                 ;
; Force Use of Synchronous Clear Signals                                          ; Off                ; Off                ;
; Auto Resource Sharing                                                           ; Off                ; Off                ;
; Allow Any RAM Size For Recognition                                              ; Off                ; Off                ;
; Allow Any ROM Size For Recognition                                              ; Off                ; Off                ;
; Allow Any Shift Register Size For Recognition                                   ; Off                ; Off                ;
; Use LogicLock Constraints during Resource Balancing                             ; On                 ; On                 ;
; Ignore translate_off and synthesis_off directives                               ; Off                ; Off                ;
; Timing-Driven Synthesis                                                         ; On                 ; On                 ;
; Report Parameter Settings                                                       ; On                 ; On                 ;
; Report Source Assignments                                                       ; On                 ; On                 ;
; Report Connectivity Checks                                                      ; On                 ; On                 ;
; Ignore Maximum Fan-Out Assignments                                              ; Off                ; Off                ;
; Synchronization Register Chain Length                                           ; 3                  ; 3                  ;
; Power Optimization During Synthesis                                             ; Normal compilation ; Normal compilation ;
; HDL message level                                                               ; Level2             ; Level2             ;
; Suppress Register Optimization Related Messages                                 ; Off                ; Off                ;
; Number of Removed Registers Reported in Synthesis Report                        ; 5000               ; 5000               ;
; Number of Swept Nodes Reported in Synthesis Report                              ; 5000               ; 5000               ;
; Number of Inverted Registers Reported in Synthesis Report                       ; 100                ; 100                ;
; Clock MUX Protection                                                            ; On                 ; On                 ;
; Auto Gated Clock Conversion                                                     ; Off                ; Off                ;
; Block Design Naming                                                             ; Auto               ; Auto               ;
; SDC constraint protection                                                       ; Off                ; Off                ;
; Synthesis Effort                                                                ; Auto               ; Auto               ;
; Shift Register Replacement - Allow Asynchronous Clear Signal                    ; On                 ; On                 ;
; Pre-Mapping Resynthesis Optimization                                            ; Off                ; Off                ;
; Analysis & Synthesis Message Level                                              ; Medium             ; Medium             ;
; Disable Register Merging Across Hierarchies                                     ; Auto               ; Auto               ;
; Resource Aware Inference For Block RAM                                          ; On                 ; On                 ;
; Automatic Parallel Synthesis                                                    ; On                 ; On                 ;
; Partial Reconfiguration Bitstream ID                                            ; Off                ; Off                ;
+---------------------------------------------------------------------------------+--------------------+--------------------+


+----------------------------------------------------------------------------------------------------------------+
; Port Connectivity Checks: "my_counter:COUNTER|my_TFF:TFF_Q15"                                                  ;
+------+--------+----------+-------------------------------------------------------------------------------------+
; Port ; Type   ; Severity ; Details                                                                             ;
+------+--------+----------+-------------------------------------------------------------------------------------+
; nq   ; Output ; Info     ; Connected to dangling logic. Logic that only feeds a dangling port will be removed. ;
+------+--------+----------+-------------------------------------------------------------------------------------+


+----------------------------------------------------------------------------------------------------------------+
; Port Connectivity Checks: "my_counter:COUNTER|my_TFF:TFF_Q14"                                                  ;
+------+--------+----------+-------------------------------------------------------------------------------------+
; Port ; Type   ; Severity ; Details                                                                             ;
+------+--------+----------+-------------------------------------------------------------------------------------+
; nq   ; Output ; Info     ; Connected to dangling logic. Logic that only feeds a dangling port will be removed. ;
+------+--------+----------+-------------------------------------------------------------------------------------+


+----------------------------------------------------------------------------------------------------------------+
; Port Connectivity Checks: "my_counter:COUNTER|my_TFF:TFF_Q13"                                                  ;
+------+--------+----------+-------------------------------------------------------------------------------------+
; Port ; Type   ; Severity ; Details                                                                             ;
+------+--------+----------+-------------------------------------------------------------------------------------+
; nq   ; Output ; Info     ; Connected to dangling logic. Logic that only feeds a dangling port will be removed. ;
+------+--------+----------+-------------------------------------------------------------------------------------+


+----------------------------------------------------------------------------------------------------------------+
; Port Connectivity Checks: "my_counter:COUNTER|my_TFF:TFF_Q12"                                                  ;
+------+--------+----------+-------------------------------------------------------------------------------------+
; Port ; Type   ; Severity ; Details                                                                             ;
+------+--------+----------+-------------------------------------------------------------------------------------+
; nq   ; Output ; Info     ; Connected to dangling logic. Logic that only feeds a dangling port will be removed. ;
+------+--------+----------+-------------------------------------------------------------------------------------+


+----------------------------------------------------------------------------------------------------------------+
; Port Connectivity Checks: "my_counter:COUNTER|my_TFF:TFF_Q11"                                                  ;
+------+--------+----------+-------------------------------------------------------------------------------------+
; Port ; Type   ; Severity ; Details                                                                             ;
+------+--------+----------+-------------------------------------------------------------------------------------+
; nq   ; Output ; Info     ; Connected to dangling logic. Logic that only feeds a dangling port will be removed. ;
+------+--------+----------+-------------------------------------------------------------------------------------+


+----------------------------------------------------------------------------------------------------------------+
; Port Connectivity Checks: "my_counter:COUNTER|my_TFF:TFF_Q10"                                                  ;
+------+--------+----------+-------------------------------------------------------------------------------------+
; Port ; Type   ; Severity ; Details                                                                             ;
+------+--------+----------+-------------------------------------------------------------------------------------+
; nq   ; Output ; Info     ; Connected to dangling logic. Logic that only feeds a dangling port will be removed. ;
+------+--------+----------+-------------------------------------------------------------------------------------+


+----------------------------------------------------------------------------------------------------------------+
; Port Connectivity Checks: "my_counter:COUNTER|my_TFF:TFF_Q09"                                                  ;
+------+--------+----------+-------------------------------------------------------------------------------------+
; Port ; Type   ; Severity ; Details                                                                             ;
+------+--------+----------+-------------------------------------------------------------------------------------+
; nq   ; Output ; Info     ; Connected to dangling logic. Logic that only feeds a dangling port will be removed. ;
+------+--------+----------+-------------------------------------------------------------------------------------+


+----------------------------------------------------------------------------------------------------------------+
; Port Connectivity Checks: "my_counter:COUNTER|my_TFF:TFF_Q08"                                                  ;
+------+--------+----------+-------------------------------------------------------------------------------------+
; Port ; Type   ; Severity ; Details                                                                             ;
+------+--------+----------+-------------------------------------------------------------------------------------+
; nq   ; Output ; Info     ; Connected to dangling logic. Logic that only feeds a dangling port will be removed. ;
+------+--------+----------+-------------------------------------------------------------------------------------+


+----------------------------------------------------------------------------------------------------------------+
; Port Connectivity Checks: "my_counter:COUNTER|my_TFF:TFF_Q07"                                                  ;
+------+--------+----------+-------------------------------------------------------------------------------------+
; Port ; Type   ; Severity ; Details                                                                             ;
+------+--------+----------+-------------------------------------------------------------------------------------+
; nq   ; Output ; Info     ; Connected to dangling logic. Logic that only feeds a dangling port will be removed. ;
+------+--------+----------+-------------------------------------------------------------------------------------+


+----------------------------------------------------------------------------------------------------------------+
; Port Connectivity Checks: "my_counter:COUNTER|my_TFF:TFF_Q06"                                                  ;
+------+--------+----------+-------------------------------------------------------------------------------------+
; Port ; Type   ; Severity ; Details                                                                             ;
+------+--------+----------+-------------------------------------------------------------------------------------+
; nq   ; Output ; Info     ; Connected to dangling logic. Logic that only feeds a dangling port will be removed. ;
+------+--------+----------+-------------------------------------------------------------------------------------+


+----------------------------------------------------------------------------------------------------------------+
; Port Connectivity Checks: "my_counter:COUNTER|my_TFF:TFF_Q05"                                                  ;
+------+--------+----------+-------------------------------------------------------------------------------------+
; Port ; Type   ; Severity ; Details                                                                             ;
+------+--------+----------+-------------------------------------------------------------------------------------+
; nq   ; Output ; Info     ; Connected to dangling logic. Logic that only feeds a dangling port will be removed. ;
+------+--------+----------+-------------------------------------------------------------------------------------+


+----------------------------------------------------------------------------------------------------------------+
; Port Connectivity Checks: "my_counter:COUNTER|my_TFF:TFF_Q04"                                                  ;
+------+--------+----------+-------------------------------------------------------------------------------------+
; Port ; Type   ; Severity ; Details                                                                             ;
+------+--------+----------+-------------------------------------------------------------------------------------+
; nq   ; Output ; Info     ; Connected to dangling logic. Logic that only feeds a dangling port will be removed. ;
+------+--------+----------+-------------------------------------------------------------------------------------+


+----------------------------------------------------------------------------------------------------------------+
; Port Connectivity Checks: "my_counter:COUNTER|my_TFF:TFF_Q03"                                                  ;
+------+--------+----------+-------------------------------------------------------------------------------------+
; Port ; Type   ; Severity ; Details                                                                             ;
+------+--------+----------+-------------------------------------------------------------------------------------+
; nq   ; Output ; Info     ; Connected to dangling logic. Logic that only feeds a dangling port will be removed. ;
+------+--------+----------+-------------------------------------------------------------------------------------+


+----------------------------------------------------------------------------------------------------------------+
; Port Connectivity Checks: "my_counter:COUNTER|my_TFF:TFF_Q02"                                                  ;
+------+--------+----------+-------------------------------------------------------------------------------------+
; Port ; Type   ; Severity ; Details                                                                             ;
+------+--------+----------+-------------------------------------------------------------------------------------+
; nq   ; Output ; Info     ; Connected to dangling logic. Logic that only feeds a dangling port will be removed. ;
+------+--------+----------+-------------------------------------------------------------------------------------+


+----------------------------------------------------------------------------------------------------------------+
; Port Connectivity Checks: "my_counter:COUNTER|my_TFF:TFF_Q01"                                                  ;
+------+--------+----------+-------------------------------------------------------------------------------------+
; Port ; Type   ; Severity ; Details                                                                             ;
+------+--------+----------+-------------------------------------------------------------------------------------+
; nq   ; Output ; Info     ; Connected to dangling logic. Logic that only feeds a dangling port will be removed. ;
+------+--------+----------+-------------------------------------------------------------------------------------+


+----------------------------------------------------------------------------------------------------------------+
; Port Connectivity Checks: "my_counter:COUNTER|my_TFF:TFF_Q00"                                                  ;
+------+--------+----------+-------------------------------------------------------------------------------------+
; Port ; Type   ; Severity ; Details                                                                             ;
+------+--------+----------+-------------------------------------------------------------------------------------+
; nq   ; Output ; Info     ; Connected to dangling logic. Logic that only feeds a dangling port will be removed. ;
+------+--------+----------+-------------------------------------------------------------------------------------+


+---------------------------------+
; Analysis & Elaboration Messages ;
+---------------------------------+
Info: *******************************************************************
Info: Running Quartus Prime Analysis & Elaboration
    Info: Version 19.1.0 Build 670 09/22/2019 SJ Lite Edition
    Info: Processing started: Thu May 07 12:11:29 2020
Info: Command: quartus_map --read_settings_files=on --write_settings_files=off lab5 -c lab5 --analysis_and_elaboration
Warning (18236): Number of processors has not been specified which may cause overloading on shared machines.  Set the global assignment NUM_PARALLEL_PROCESSORS in your QSF to an appropriate value for best performance.
Info (20030): Parallel compilation is enabled and will use 6 of the 6 processors detected
Info (12021): Found 2 design units, including 1 entities, in source file vhdl/testbench_clock.vhd
    Info (12022): Found design unit 1: testbench_clock-behavior File: C:/Users/atlas/Desktop/ELEC2602/Lab/Lab_5/Lab_5/vhdl/testbench_clock.vhd Line: 11
    Info (12023): Found entity 1: testbench_clock File: C:/Users/atlas/Desktop/ELEC2602/Lab/Lab_5/Lab_5/vhdl/testbench_clock.vhd Line: 8
Info (12021): Found 2 design units, including 1 entities, in source file vhdl/sec_counter.vhd
    Info (12022): Found design unit 1: sec_counter-behavior File: C:/Users/atlas/Desktop/ELEC2602/Lab/Lab_5/Lab_5/vhdl/sec_counter.vhd Line: 16
    Info (12023): Found entity 1: sec_counter File: C:/Users/atlas/Desktop/ELEC2602/Lab/Lab_5/Lab_5/vhdl/sec_counter.vhd Line: 7
Info (12021): Found 2 design units, including 1 entities, in source file vhdl/counter_w_process.vhd
    Info (12022): Found design unit 1: counter_w_process-behavior File: C:/Users/atlas/Desktop/ELEC2602/Lab/Lab_5/Lab_5/vhdl/counter_w_process.vhd Line: 17
    Info (12023): Found entity 1: counter_w_process File: C:/Users/atlas/Desktop/ELEC2602/Lab/Lab_5/Lab_5/vhdl/counter_w_process.vhd Line: 8
Info (12021): Found 2 design units, including 1 entities, in source file vhdl/my_tff.vhd
    Info (12022): Found design unit 1: my_TFF-behavior File: C:/Users/atlas/Desktop/ELEC2602/Lab/Lab_5/Lab_5/vhdl/my_TFF.vhd Line: 17
    Info (12023): Found entity 1: my_TFF File: C:/Users/atlas/Desktop/ELEC2602/Lab/Lab_5/Lab_5/vhdl/my_TFF.vhd Line: 7
Info (12021): Found 2 design units, including 1 entities, in source file vhdl/my_counter.vhd
    Info (12022): Found design unit 1: my_counter-behavior File: C:/Users/atlas/Desktop/ELEC2602/Lab/Lab_5/Lab_5/vhdl/my_counter.vhd Line: 16
    Info (12023): Found entity 1: my_counter File: C:/Users/atlas/Desktop/ELEC2602/Lab/Lab_5/Lab_5/vhdl/my_counter.vhd Line: 7
Info (12021): Found 2 design units, including 1 entities, in source file vhdl/dff_w_clear.vhd
    Info (12022): Found design unit 1: DFF_w_clear-Behavioral File: C:/Users/atlas/Desktop/ELEC2602/Lab/Lab_5/Lab_5/vhdl/DFF_w_clear.vhd Line: 15
    Info (12023): Found entity 1: DFF_w_clear File: C:/Users/atlas/Desktop/ELEC2602/Lab/Lab_5/Lab_5/vhdl/DFF_w_clear.vhd Line: 7
Info (12127): Elaborating entity "sec_counter" for the top level hierarchy
Warning (10492): VHDL Process Statement warning at sec_counter.vhd(42): signal "counter_temp" is read inside the Process Statement but isn't in the Process Statement's sensitivity list File: C:/Users/atlas/Desktop/ELEC2602/Lab/Lab_5/Lab_5/vhdl/sec_counter.vhd Line: 42
Info (12128): Elaborating entity "my_counter" for hierarchy "my_counter:COUNTER" File: C:/Users/atlas/Desktop/ELEC2602/Lab/Lab_5/Lab_5/vhdl/sec_counter.vhd Line: 51
Info (12128): Elaborating entity "my_TFF" for hierarchy "my_counter:COUNTER|my_TFF:TFF_Q00" File: C:/Users/atlas/Desktop/ELEC2602/Lab/Lab_5/Lab_5/vhdl/my_counter.vhd Line: 48
Info (12128): Elaborating entity "DFF_w_clear" for hierarchy "my_counter:COUNTER|my_TFF:TFF_Q00|DFF_w_clear:DFF1" File: C:/Users/atlas/Desktop/ELEC2602/Lab/Lab_5/Lab_5/vhdl/my_TFF.vhd Line: 33
Warning (10492): VHDL Process Statement warning at DFF_w_clear.vhd(20): signal "async_clear" is read inside the Process Statement but isn't in the Process Statement's sensitivity list File: C:/Users/atlas/Desktop/ELEC2602/Lab/Lab_5/Lab_5/vhdl/DFF_w_clear.vhd Line: 20
Warning (10492): VHDL Process Statement warning at DFF_w_clear.vhd(22): signal "EN" is read inside the Process Statement but isn't in the Process Statement's sensitivity list File: C:/Users/atlas/Desktop/ELEC2602/Lab/Lab_5/Lab_5/vhdl/DFF_w_clear.vhd Line: 22
Info (12128): Elaborating entity "counter_w_process" for hierarchy "counter_w_process:TIMER" File: C:/Users/atlas/Desktop/ELEC2602/Lab/Lab_5/Lab_5/vhdl/sec_counter.vhd Line: 58
Warning (10492): VHDL Process Statement warning at counter_w_process.vhd(24): signal "EN" is read inside the Process Statement but isn't in the Process Statement's sensitivity list File: C:/Users/atlas/Desktop/ELEC2602/Lab/Lab_5/Lab_5/vhdl/counter_w_process.vhd Line: 24
Warning (10492): VHDL Process Statement warning at counter_w_process.vhd(27): signal "temp_q" is read inside the Process Statement but isn't in the Process Statement's sensitivity list File: C:/Users/atlas/Desktop/ELEC2602/Lab/Lab_5/Lab_5/vhdl/counter_w_process.vhd Line: 27
Info: Quartus Prime Analysis & Elaboration was successful. 0 errors, 6 warnings
    Info: Peak virtual memory: 4858 megabytes
    Info: Processing ended: Thu May 07 12:11:38 2020
    Info: Elapsed time: 00:00:09
    Info: Total CPU time (on all processors): 00:00:22


